<?xml version="1.0" encoding="UTF-8"?>
<!-- Generated by org.testng.reporters.JUnitReportReporter -->
<testsuite hostname="MD-5Q0H9F2" failures="0" tests="2" name="com.test.TestNGBasics" time="0.009" errors="0" timestamp="2021-06-26T01:07:35 IST" skipped="0">
  <testcase classname="com.test.TestNGBasics" name="searchTest" time="0.005"/>
  <system-out/>
  <testcase classname="com.test.TestNGBasics" name="googleTitleTest" time="0.004"/>
  <system-out/>
</testsuite> <!-- com.test.TestNGBasics -->
