<?xml version="1.0" encoding="UTF-8"?>
<!-- Generated by org.testng.reporters.JUnitReportReporter -->
<testsuite hostname="MD-5Q0H9F2" failures="0" tests="6" name="com.test.GoogleTest" time="26.507" errors="0" timestamp="2021-06-26T01:07:35 IST" skipped="0">
  <testcase classname="com.test.GoogleTest" name="googleTitleTest" time="4.525"/>
  <system-out/>
  <testcase classname="com.test.GoogleTest" name="getlogo" time="4.531"/>
  <system-out/>
  <testcase classname="com.test.GoogleTest" name="getMail" time="4.215"/>
  <system-out/>
  <testcase classname="com.test.GoogleTest" name="test1" time="4.324"/>
  <system-out/>
  <testcase classname="com.test.GoogleTest" name="test2" time="4.498"/>
  <system-out/>
  <testcase classname="com.test.GoogleTest" name="test3" time="4.414"/>
  <system-out/>
</testsuite> <!-- com.test.GoogleTest -->
