<?xml version="1.0" encoding="UTF-8"?>
<!-- Generated by org.testng.reporters.JUnitReportReporter -->
<testsuite hostname="MD-5Q0H9F2" failures="0" tests="2" name="com.test.GoogleTest2" time="8.539" errors="0" timestamp="2021-06-26T00:25:52 IST" skipped="0">
  <testcase classname="com.test.GoogleTest2" name="googleTitleTest" time="4.270"/>
  <system-out/>
  <testcase classname="com.test.GoogleTest2" name="getMail" time="4.269"/>
  <system-out/>
</testsuite> <!-- com.test.GoogleTest2 -->
