<?xml version="1.0" encoding="UTF-8"?>
<!-- Generated by org.testng.reporters.JUnitReportReporter -->
<testsuite hostname="MD-5Q0H9F2" failures="0" tests="10" name="com.test.InvocationCountTest" time="0.010" errors="0" timestamp="2021-06-26T01:07:35 IST" skipped="0">
  <testcase classname="com.test.InvocationCountTest" name="test" time="0.001"/>
  <system-out/>
  <testcase classname="com.test.InvocationCountTest" name="test" time="0.001"/>
  <system-out/>
  <testcase classname="com.test.InvocationCountTest" name="test" time="0.001"/>
  <system-out/>
  <testcase classname="com.test.InvocationCountTest" name="test" time="0.000"/>
  <system-out/>
  <testcase classname="com.test.InvocationCountTest" name="test" time="0.001"/>
  <system-out/>
  <testcase classname="com.test.InvocationCountTest" name="test" time="0.001"/>
  <system-out/>
  <testcase classname="com.test.InvocationCountTest" name="test" time="0.001"/>
  <system-out/>
  <testcase classname="com.test.InvocationCountTest" name="test" time="0.001"/>
  <system-out/>
  <testcase classname="com.test.InvocationCountTest" name="test" time="0.001"/>
  <system-out/>
  <testcase classname="com.test.InvocationCountTest" name="test" time="0.002"/>
  <system-out/>
</testsuite> <!-- com.test.InvocationCountTest -->
