<?xml version="1.0" encoding="UTF-8"?>
<!-- Generated by org.testng.reporters.JUnitReportReporter -->
<testsuite hostname="MD-5Q0H9F2" failures="0" tests="1" name="com.test.ExceptionTimeOutTest" time="0.004" errors="0" timestamp="2021-06-26T01:07:35 IST" skipped="0">
  <testcase classname="com.test.ExceptionTimeOutTest" name="test1" time="0.004"/>
  <system-out/>
</testsuite> <!-- com.test.ExceptionTimeOutTest -->
