<?xml version="1.0" encoding="UTF-8"?>
<!-- Generated by org.testng.reporters.JUnitReportReporter -->
<testsuite hostname="MD-5Q0H9F2" failures="0" tests="1" name="com.parameterTest.ParameterTest" time="10.487" errors="0" timestamp="2021-06-26T16:28:28 IST" skipped="0">
  <testcase classname="com.parameterTest.ParameterTest" name="yahoo" time="10.487"/>
  <system-out/>
</testsuite> <!-- com.parameterTest.ParameterTest -->
